[debug] [2019-07-18T20:03:04.103Z] ----------------------------------------------------------------------
[debug] [2019-07-18T20:03:04.107Z] Command:       C:\Program Files\nodejs\node.exe C:\Users\khush\AppData\Roaming\npm\node_modules\firebase-tools\lib\bin\firebase.js init
[debug] [2019-07-18T20:03:04.107Z] CLI Version:   7.1.0
[debug] [2019-07-18T20:03:04.107Z] Platform:      win32
[debug] [2019-07-18T20:03:04.107Z] Node Version:  v10.15.3
[debug] [2019-07-18T20:03:04.108Z] Time:          Fri Jul 19 2019 01:03:04 GMT+0500 (Pakistan Standard Time)
[debug] [2019-07-18T20:03:04.108Z] ----------------------------------------------------------------------
[debug] 
[debug] [2019-07-18T20:03:04.159Z] > command requires scopes: ["email","openid","https://www.googleapis.com/auth/cloudplatformprojects.readonly","https://www.googleapis.com/auth/firebase","https://www.googleapis.com/auth/cloud-platform"]
[debug] [2019-07-18T20:03:04.160Z] > authorizing via signed-in user
[info] 
     ######## #### ########  ######## ########     ###     ######  ########
     ##        ##  ##     ## ##       ##     ##  ##   ##  ##       ##
     ######    ##  ########  ######   ########  #########  ######  ######
     ##        ##  ##    ##  ##       ##     ## ##     ##       ## ##
     ##       #### ##     ## ######## ########  ##     ##  ######  ########

You're about to initialize a Firebase project in this directory:

  D:\KodeAlpha\Workspace\Projects\DAHMS\Test\Saad

Before we get started, keep in mind:

  * You are initializing in an existing Firebase project directory

[info] 
=== Project Setup
[info] 
[info] First, let's associate this project directory with a Firebase project.
[info] You can create multiple project aliases by running firebase use --add, 
[info] but for now we'll just set up a default project.
[info] 
[info] i  .firebaserc already has a default project, using medapp-e3698.
[debug] [2019-07-18T20:04:14.250Z] > refreshing access token with scopes: ["email","https://www.googleapis.com/auth/cloud-platform","https://www.googleapis.com/auth/cloudplatformprojects.readonly","https://www.googleapis.com/auth/firebase","openid"]
[debug] [2019-07-18T20:04:14.251Z] >>> HTTP REQUEST POST https://www.googleapis.com/oauth2/v3/token  
 <request body omitted>
[debug] [2019-07-18T20:04:14.778Z] <<< HTTP RESPONSE 200
[debug] [2019-07-18T20:04:14.812Z] >>> HTTP REQUEST GET https://firebase.googleapis.com/v1beta1/projects/medapp-e3698  
 
[debug] [2019-07-18T20:04:15.461Z] <<< HTTP RESPONSE 200
[info] 
=== Hosting Setup
[info] 
[info] Your public directory is the folder (relative to your project directory) that
[info] will contain Hosting assets to be uploaded with firebase deploy. If you
[info] have a build process for your assets, use your build's output directory.
[info] 
